nohup: 正在忽略輸入
2018-07-02 16:56:05.366544: I tensorflow/stream_executor/cuda/cuda_gpu_executor.cc:898] successful NUMA node read from SysFS had negative value (-1), but there must be at least one NUMA node, so returning NUMA node zero
2018-07-02 16:56:05.366754: I tensorflow/core/common_runtime/gpu/gpu_device.cc:1212] Found device 0 with properties: 
name: GeForce GTX 1060 6GB major: 6 minor: 1 memoryClockRate(GHz): 1.759
pciBusID: 0000:01:00.0
totalMemory: 5.93GiB freeMemory: 5.64GiB
2018-07-02 16:56:05.366766: I tensorflow/core/common_runtime/gpu/gpu_device.cc:1312] Adding visible gpu devices: 0
2018-07-02 16:56:05.507611: I tensorflow/core/common_runtime/gpu/gpu_device.cc:993] Creating TensorFlow device (/job:localhost/replica:0/task:0/device:GPU:0 with 5418 MB memory) -> physical GPU (device: 0, name: GeForce GTX 1060 6GB, pci bus id: 0000:01:00.0, compute capability: 6.1)
building model ...
Episode: 0 - Score: 1.000000.
Episode: 1 - Score: 10.000000.
Episode: 2 - Score: 13.000000.
Episode: 3 - Score: -6.000000.
Episode: 4 - Score: -6.000000.
Episode: 5 - Score: 3.000000.
Episode: 6 - Score: -6.000000.
Episode: 7 - Score: -5.000000.
Episode: 8 - Score: 10.000000.
Episode: 9 - Score: 11.000000.
Episode: 10 - Score: 5.000000.
Episode: 11 - Score: 7.000000.
Episode: 12 - Score: 3.000000.
Episode: 13 - Score: 2.000000.
Episode: 14 - Score: 7.000000.
Episode: 15 - Score: -4.000000.
Episode: 16 - Score: 15.000000.
Episode: 17 - Score: 3.000000.
Episode: 18 - Score: 3.000000.
Episode: 19 - Score: 1.000000.
Episode: 20 - Score: 3.000000.
Episode: 21 - Score: 6.000000.
Episode: 22 - Score: 4.000000.
Episode: 23 - Score: -1.000000.
Episode: 24 - Score: -5.000000.
Episode: 25 - Score: -6.000000.
Episode: 26 - Score: 4.000000.
Episode: 27 - Score: 14.000000.
Episode: 28 - Score: 4.000000.
Episode: 29 - Score: -5.000000.
Last 30 games mean scores: 2.83333333333
Episode: 30 - Score: 5.000000.
Episode: 31 - Score: 10.000000.
Episode: 32 - Score: 1.000000.
Episode: 33 - Score: 6.000000.
Episode: 34 - Score: 2.000000.
Episode: 35 - Score: -1.000000.
Episode: 36 - Score: -5.000000.
Episode: 37 - Score: 2.000000.
Episode: 38 - Score: 1.000000.
Episode: 39 - Score: 9.000000.
Episode: 40 - Score: 2.000000.
Episode: 41 - Score: 2.000000.
Episode: 42 - Score: -7.000000.
Episode: 43 - Score: -3.000000.
Episode: 44 - Score: 6.000000.
Episode: 45 - Score: -1.000000.
Episode: 46 - Score: 8.000000.
Episode: 47 - Score: 1.000000.
Episode: 48 - Score: 9.000000.
Episode: 49 - Score: 7.000000.
Episode: 50 - Score: -2.000000.
Episode: 51 - Score: 4.000000.
Episode: 52 - Score: -2.000000.
Episode: 53 - Score: -8.000000.
Episode: 54 - Score: 8.000000.
Episode: 55 - Score: 12.000000.
Episode: 56 - Score: 3.000000.
Episode: 57 - Score: -3.000000.
Episode: 58 - Score: 3.000000.
Episode: 59 - Score: -1.000000.
Last 30 games mean scores: 2.26666666667
Episode: 60 - Score: -3.000000.
Episode: 61 - Score: -5.000000.
Episode: 62 - Score: -1.000000.
Episode: 63 - Score: 4.000000.
Episode: 64 - Score: 7.000000.
Episode: 65 - Score: 3.000000.
Episode: 66 - Score: 4.000000.
Episode: 67 - Score: 2.000000.
Episode: 68 - Score: -5.000000.
Episode: 69 - Score: -5.000000.
Episode: 70 - Score: -5.000000.
Episode: 71 - Score: 7.000000.
Episode: 72 - Score: 8.000000.
Episode: 73 - Score: -3.000000.
Episode: 74 - Score: -9.000000.
Episode: 75 - Score: -6.000000.
Episode: 76 - Score: -8.000000.
Episode: 77 - Score: 8.000000.
Episode: 78 - Score: -5.000000.
Episode: 79 - Score: 7.000000.
Episode: 80 - Score: 8.000000.
Episode: 81 - Score: -12.000000.
Episode: 82 - Score: 12.000000.
Episode: 83 - Score: 3.000000.
Episode: 84 - Score: -4.000000.
Episode: 85 - Score: 4.000000.
Episode: 86 - Score: 6.000000.
Episode: 87 - Score: 9.000000.
Episode: 88 - Score: 6.000000.
Episode: 89 - Score: 6.000000.
Last 30 games mean scores: 1.1
Episode: 90 - Score: -7.000000.
Episode: 91 - Score: 3.000000.
Episode: 92 - Score: 2.000000.
Episode: 93 - Score: -3.000000.
Episode: 94 - Score: -4.000000.
Episode: 95 - Score: -5.000000.
Episode: 96 - Score: -1.000000.
Episode: 97 - Score: -9.000000.
Episode: 98 - Score: 8.000000.
Episode: 99 - Score: 1.000000.
Episode: 100 - Score: 3.000000.
Episode: 101 - Score: 2.000000.
Episode: 102 - Score: 7.000000.
Episode: 103 - Score: 4.000000.
Episode: 104 - Score: -4.000000.
Episode: 105 - Score: 7.000000.
Episode: 106 - Score: -4.000000.
Episode: 107 - Score: 5.000000.
Episode: 108 - Score: -1.000000.
Episode: 109 - Score: -7.000000.
Episode: 110 - Score: -6.000000.
Episode: 111 - Score: 7.000000.
Episode: 112 - Score: 11.000000.
Episode: 113 - Score: -15.000000.
Episode: 114 - Score: -5.000000.
Episode: 115 - Score: 5.000000.
Episode: 116 - Score: -2.000000.
Episode: 117 - Score: -10.000000.
Episode: 118 - Score: 6.000000.
Episode: 119 - Score: -5.000000.
Last 30 games mean scores: -0.566666666667
Episode: 120 - Score: 3.000000.
Episode: 121 - Score: -3.000000.
Episode: 122 - Score: -4.000000.
Episode: 123 - Score: -3.000000.
Episode: 124 - Score: -5.000000.
Episode: 125 - Score: -4.000000.
Episode: 126 - Score: 7.000000.
Episode: 127 - Score: 5.000000.
Episode: 128 - Score: -6.000000.
Episode: 129 - Score: 1.000000.
Episode: 130 - Score: 4.000000.
Episode: 131 - Score: 5.000000.
Episode: 132 - Score: 2.000000.
Episode: 133 - Score: 5.000000.
Episode: 134 - Score: 4.000000.
Episode: 135 - Score: 6.000000.
Episode: 136 - Score: 3.000000.
Episode: 137 - Score: 4.000000.
Episode: 138 - Score: -6.000000.
Episode: 139 - Score: -4.000000.
Episode: 140 - Score: 4.000000.
Episode: 141 - Score: 5.000000.
Episode: 142 - Score: 7.000000.
Episode: 143 - Score: -1.000000.
Episode: 144 - Score: -7.000000.
Episode: 145 - Score: 1.000000.
Episode: 146 - Score: 7.000000.
Episode: 147 - Score: 1.000000.
Episode: 148 - Score: 3.000000.
Episode: 149 - Score: -7.000000.
Last 30 games mean scores: 0.9
Episode: 150 - Score: -2.000000.
Episode: 151 - Score: 1.000000.
Episode: 152 - Score: 2.000000.
Episode: 153 - Score: -5.000000.
Episode: 154 - Score: -8.000000.
Episode: 155 - Score: -7.000000.
Episode: 156 - Score: -10.000000.
Episode: 157 - Score: -3.000000.
Episode: 158 - Score: 1.000000.
Episode: 159 - Score: -1.000000.
Episode: 160 - Score: 4.000000.
Episode: 161 - Score: 2.000000.
Episode: 162 - Score: 4.000000.
Episode: 163 - Score: -6.000000.
Episode: 164 - Score: -5.000000.
Episode: 165 - Score: -5.000000.
Episode: 166 - Score: 5.000000.
Episode: 167 - Score: -4.000000.
Episode: 168 - Score: -6.000000.
Episode: 169 - Score: -3.000000.
Episode: 170 - Score: -4.000000.
Episode: 171 - Score: -6.000000.
Episode: 172 - Score: -5.000000.
Episode: 173 - Score: -4.000000.
Episode: 174 - Score: -6.000000.
Episode: 175 - Score: 6.000000.
Episode: 176 - Score: -2.000000.
Episode: 177 - Score: 4.000000.
Episode: 178 - Score: 3.000000.
Episode: 179 - Score: 10.000000.
Last 30 games mean scores: -1.66666666667
Episode: 180 - Score: 1.000000.
Episode: 181 - Score: -6.000000.
Episode: 182 - Score: -3.000000.
Episode: 183 - Score: -4.000000.
Episode: 184 - Score: -7.000000.
Episode: 185 - Score: 4.000000.
Episode: 186 - Score: -1.000000.
Episode: 187 - Score: 10.000000.
Episode: 188 - Score: 1.000000.
Episode: 189 - Score: -9.000000.
Episode: 190 - Score: -5.000000.
Episode: 191 - Score: 2.000000.
Episode: 192 - Score: 7.000000.
Episode: 193 - Score: -4.000000.
Episode: 194 - Score: 5.000000.
Episode: 195 - Score: -3.000000.
Episode: 196 - Score: 2.000000.
Episode: 197 - Score: -3.000000.
Episode: 198 - Score: -8.000000.
Episode: 199 - Score: -2.000000.
Episode: 200 - Score: -4.000000.
Episode: 201 - Score: -1.000000.
Episode: 202 - Score: -11.000000.
Episode: 203 - Score: -11.000000.
Episode: 204 - Score: -3.000000.
Episode: 205 - Score: 12.000000.
Episode: 206 - Score: -5.000000.
Episode: 207 - Score: -7.000000.
Episode: 208 - Score: -2.000000.
Episode: 209 - Score: -3.000000.
Last 30 games mean scores: -1.93333333333
Episode: 210 - Score: -6.000000.
Episode: 211 - Score: -6.000000.
Episode: 212 - Score: -5.000000.
Episode: 213 - Score: -5.000000.
Episode: 214 - Score: -2.000000.
Episode: 215 - Score: 6.000000.
Episode: 216 - Score: 3.000000.
Episode: 217 - Score: -3.000000.
Episode: 218 - Score: 1.000000.
Episode: 219 - Score: 3.000000.
Episode: 220 - Score: -6.000000.
Episode: 221 - Score: 14.000000.
Episode: 222 - Score: 9.000000.
Episode: 223 - Score: -10.000000.
Episode: 224 - Score: -8.000000.
Episode: 225 - Score: 6.000000.
Episode: 226 - Score: -9.000000.
Episode: 227 - Score: -6.000000.
Episode: 228 - Score: -6.000000.
Episode: 229 - Score: 2.000000.
Episode: 230 - Score: -7.000000.
Episode: 231 - Score: -3.000000.
Episode: 232 - Score: 4.000000.
Episode: 233 - Score: -6.000000.
Episode: 234 - Score: -3.000000.
Episode: 235 - Score: 1.000000.
Episode: 236 - Score: 7.000000.
Episode: 237 - Score: 2.000000.
Episode: 238 - Score: 5.000000.
Episode: 239 - Score: -12.000000.
Last 30 games mean scores: -1.33333333333
Episode: 240 - Score: 7.000000.
Episode: 241 - Score: -2.000000.
Episode: 242 - Score: 7.000000.
Episode: 243 - Score: -5.000000.
Episode: 244 - Score: 2.000000.